<?xml version="1.0" encoding="UTF-8"?>
<testsuite xmlns:xsi="http://www.w3.org/2001/XMLSchema-instance" xsi:noNamespaceSchemaLocation="https://maven.apache.org/surefire/maven-surefire-plugin/xsd/surefire-test-report.xsd" name="it.polimi.ingsw.model.utilities.builders.ResourceBoardBuilderTest" time="0" tests="1" errors="0" skipped="0" failures="0">
  <properties>
    <property name="java.specification.version" value="15"/>
    <property name="sun.jnu.encoding" value="UTF-8"/>
    <property name="java.class.path" value="/home/marco/IdeaProjects/ingswAM2021-de_luca-cristiano-campo/target/test-classes:/home/marco/IdeaProjects/ingswAM2021-de_luca-cristiano-campo/target/classes:/home/marco/.m2/repository/org/junit/jupiter/junit-jupiter/5.8.0-M1/junit-jupiter-5.8.0-M1.jar:/home/marco/.m2/repository/org/junit/jupiter/junit-jupiter-api/5.8.0-M1/junit-jupiter-api-5.8.0-M1.jar:/home/marco/.m2/repository/org/apiguardian/apiguardian-api/1.1.1/apiguardian-api-1.1.1.jar:/home/marco/.m2/repository/org/opentest4j/opentest4j/1.2.0/opentest4j-1.2.0.jar:/home/marco/.m2/repository/org/junit/platform/junit-platform-commons/1.8.0-M1/junit-platform-commons-1.8.0-M1.jar:/home/marco/.m2/repository/org/junit/jupiter/junit-jupiter-params/5.8.0-M1/junit-jupiter-params-5.8.0-M1.jar:/home/marco/.m2/repository/org/junit/jupiter/junit-jupiter-engine/5.8.0-M1/junit-jupiter-engine-5.8.0-M1.jar:/home/marco/.m2/repository/org/junit/platform/junit-platform-engine/1.8.0-M1/junit-platform-engine-1.8.0-M1.jar:/home/marco/.m2/repository/org/jetbrains/kotlin/kotlin-stdlib-jdk8/1.4.20/kotlin-stdlib-jdk8-1.4.20.jar:/home/marco/.m2/repository/org/jetbrains/kotlin/kotlin-stdlib/1.4.20/kotlin-stdlib-1.4.20.jar:/home/marco/.m2/repository/org/jetbrains/kotlin/kotlin-stdlib-common/1.4.20/kotlin-stdlib-common-1.4.20.jar:/home/marco/.m2/repository/org/jetbrains/annotations/13.0/annotations-13.0.jar:/home/marco/.m2/repository/org/jetbrains/kotlin/kotlin-stdlib-jdk7/1.4.20/kotlin-stdlib-jdk7-1.4.20.jar:/home/marco/.m2/repository/com/google/code/gson/gson/2.8.6/gson-2.8.6.jar:/home/marco/.m2/repository/org/mockito/mockito-core/3.8.0/mockito-core-3.8.0.jar:/home/marco/.m2/repository/net/bytebuddy/byte-buddy/1.10.20/byte-buddy-1.10.20.jar:/home/marco/.m2/repository/net/bytebuddy/byte-buddy-agent/1.10.20/byte-buddy-agent-1.10.20.jar:/home/marco/.m2/repository/org/objenesis/objenesis/3.1/objenesis-3.1.jar:"/>
    <property name="java.vm.vendor" value="Oracle Corporation"/>
    <property name="sun.arch.data.model" value="64"/>
    <property name="java.vendor.url" value="https://java.oracle.com/"/>
    <property name="os.name" value="Linux"/>
    <property name="java.vm.specification.version" value="15"/>
    <property name="sun.java.launcher" value="SUN_STANDARD"/>
    <property name="user.country" value="US"/>
    <property name="sun.boot.library.path" value="/usr/lib/jvm/jdk-15.0.2/lib"/>
    <property name="sun.java.command" value="/home/marco/IdeaProjects/ingswAM2021-de_luca-cristiano-campo/target/surefire/surefirebooter12115775872528956970.jar /home/marco/IdeaProjects/ingswAM2021-de_luca-cristiano-campo/target/surefire 2021-04-16T13-16-29_958-jvmRun1 surefire12364468866635812625tmp surefire_05244105060269315654tmp"/>
    <property name="jdk.debug" value="release"/>
    <property name="surefire.test.class.path" value="/home/marco/IdeaProjects/ingswAM2021-de_luca-cristiano-campo/target/test-classes:/home/marco/IdeaProjects/ingswAM2021-de_luca-cristiano-campo/target/classes:/home/marco/.m2/repository/org/junit/jupiter/junit-jupiter/5.8.0-M1/junit-jupiter-5.8.0-M1.jar:/home/marco/.m2/repository/org/junit/jupiter/junit-jupiter-api/5.8.0-M1/junit-jupiter-api-5.8.0-M1.jar:/home/marco/.m2/repository/org/apiguardian/apiguardian-api/1.1.1/apiguardian-api-1.1.1.jar:/home/marco/.m2/repository/org/opentest4j/opentest4j/1.2.0/opentest4j-1.2.0.jar:/home/marco/.m2/repository/org/junit/platform/junit-platform-commons/1.8.0-M1/junit-platform-commons-1.8.0-M1.jar:/home/marco/.m2/repository/org/junit/jupiter/junit-jupiter-params/5.8.0-M1/junit-jupiter-params-5.8.0-M1.jar:/home/marco/.m2/repository/org/junit/jupiter/junit-jupiter-engine/5.8.0-M1/junit-jupiter-engine-5.8.0-M1.jar:/home/marco/.m2/repository/org/junit/platform/junit-platform-engine/1.8.0-M1/junit-platform-engine-1.8.0-M1.jar:/home/marco/.m2/repository/org/jetbrains/kotlin/kotlin-stdlib-jdk8/1.4.20/kotlin-stdlib-jdk8-1.4.20.jar:/home/marco/.m2/repository/org/jetbrains/kotlin/kotlin-stdlib/1.4.20/kotlin-stdlib-1.4.20.jar:/home/marco/.m2/repository/org/jetbrains/kotlin/kotlin-stdlib-common/1.4.20/kotlin-stdlib-common-1.4.20.jar:/home/marco/.m2/repository/org/jetbrains/annotations/13.0/annotations-13.0.jar:/home/marco/.m2/repository/org/jetbrains/kotlin/kotlin-stdlib-jdk7/1.4.20/kotlin-stdlib-jdk7-1.4.20.jar:/home/marco/.m2/repository/com/google/code/gson/gson/2.8.6/gson-2.8.6.jar:/home/marco/.m2/repository/org/mockito/mockito-core/3.8.0/mockito-core-3.8.0.jar:/home/marco/.m2/repository/net/bytebuddy/byte-buddy/1.10.20/byte-buddy-1.10.20.jar:/home/marco/.m2/repository/net/bytebuddy/byte-buddy-agent/1.10.20/byte-buddy-agent-1.10.20.jar:/home/marco/.m2/repository/org/objenesis/objenesis/3.1/objenesis-3.1.jar:"/>
    <property name="sun.cpu.endian" value="little"/>
    <property name="user.home" value="/home/marco"/>
    <property name="user.language" value="en"/>
    <property name="java.specification.vendor" value="Oracle Corporation"/>
    <property name="java.version.date" value="2021-01-19"/>
    <property name="java.home" value="/usr/lib/jvm/jdk-15.0.2"/>
    <property name="file.separator" value="/"/>
    <property name="basedir" value="/home/marco/IdeaProjects/ingswAM2021-de_luca-cristiano-campo"/>
    <property name="java.vm.compressedOopsMode" value="Zero based"/>
    <property name="line.separator" value="&#10;"/>
    <property name="java.vm.specification.vendor" value="Oracle Corporation"/>
    <property name="java.specification.name" value="Java Platform API Specification"/>
    <property name="surefire.real.class.path" value="/home/marco/IdeaProjects/ingswAM2021-de_luca-cristiano-campo/target/surefire/surefirebooter12115775872528956970.jar"/>
    <property name="sun.management.compiler" value="HotSpot 64-Bit Tiered Compilers"/>
    <property name="java.runtime.version" value="15.0.2+7-27"/>
    <property name="user.name" value="marco"/>
    <property name="path.separator" value=":"/>
    <property name="os.version" value="5.4.0-70-generic"/>
    <property name="java.runtime.name" value="Java(TM) SE Runtime Environment"/>
    <property name="file.encoding" value="UTF-8"/>
    <property name="java.vm.name" value="Java HotSpot(TM) 64-Bit Server VM"/>
    <property name="localRepository" value="/home/marco/.m2/repository"/>
    <property name="java.vendor.url.bug" value="https://bugreport.java.com/bugreport/"/>
    <property name="java.io.tmpdir" value="/tmp"/>
    <property name="idea.version" value="2021.1"/>
    <property name="java.version" value="15.0.2"/>
    <property name="user.dir" value="/home/marco/IdeaProjects/ingswAM2021-de_luca-cristiano-campo"/>
    <property name="os.arch" value="amd64"/>
    <property name="java.vm.specification.name" value="Java Virtual Machine Specification"/>
    <property name="java.library.path" value="/usr/java/packages/lib:/usr/lib64:/lib64:/lib:/usr/lib"/>
    <property name="java.vm.info" value="mixed mode, sharing"/>
    <property name="java.vendor" value="Oracle Corporation"/>
    <property name="java.vm.version" value="15.0.2+7-27"/>
    <property name="sun.io.unicode.encoding" value="UnicodeLittle"/>
    <property name="java.class.version" value="59.0"/>
  </properties>
  <testcase name="buildTest" classname="it.polimi.ingsw.model.utilities.builders.ResourceBoardBuilderTest" time="0"/>
</testsuite>